{
    "FunctionName": "hello-cli",
    "FunctionArn": "arn:aws:lambda:us-east-1:043542657444:function:hello-cli",
    "Runtime": "nodejs12.x",
    "Role": "arn:aws:iam::043542657444:role/lambda-exemplo",
    "Handler": "index.handler",
    "CodeSize": 331,
    "Description": "",
    "Timeout": 3,
    "MemorySize": 128,
    "LastModified": "2021-02-05T23:41:57.779+0000",
    "CodeSha256": "fCvcKGtNoMlYllLY3ra0BpuRNIQGYsHxM7Ru7lalTCU=",
    "Version": "$LATEST",
    "TracingConfig": {
        "Mode": "PassThrough"
    },
    "RevisionId": "c62b7806-b393-421f-9bec-1fd5dd8377fa",
    "State": "Active",
    "LastUpdateStatus": "Successful",
    "PackageType": "Zip"
}
