{
    "Role": {
        "Path": "/",
        "RoleName": "lambda-exemplo",
        "RoleId": "AROAQUI2YHGSA6L2WJT27",
        "Arn": "arn:aws:iam::043542657444:role/lambda-exemplo",
        "CreateDate": "2021-02-05T23:33:25+00:00",
        "AssumeRolePolicyDocument": {
            "Version": "2012-10-17",
            "Statement": [
                {
                    "Effect": "Allow",
                    "Principal": {
                        "Service": "lambda.amazonaws.com"
                    },
                    "Action": "sts:AssumeRole"
                }
            ]
        }
    }
}
